Traceback (most recent call last):
  File "/opt/conda/envs/pysumma/lib/python3.7/site-packages/jupyter_cache/executors/utils.py", line 56, in single_nb_execution
    record_timing=False,
  File "/opt/conda/envs/pysumma/lib/python3.7/site-packages/nbclient/client.py", line 1087, in execute
    return NotebookClient(nb=nb, resources=resources, km=km, **kwargs).execute()
  File "/opt/conda/envs/pysumma/lib/python3.7/site-packages/nbclient/util.py", line 74, in wrapped
    return just_run(coro(*args, **kwargs))
  File "/opt/conda/envs/pysumma/lib/python3.7/site-packages/nbclient/util.py", line 53, in just_run
    return loop.run_until_complete(coro)
  File "/opt/conda/envs/pysumma/lib/python3.7/asyncio/base_events.py", line 587, in run_until_complete
    return future.result()
  File "/opt/conda/envs/pysumma/lib/python3.7/site-packages/nbclient/client.py", line 541, in async_execute
    cell, index, execution_count=self.code_cells_executed + 1
  File "/opt/conda/envs/pysumma/lib/python3.7/site-packages/nbclient/client.py", line 832, in async_execute_cell
    self._check_raise_for_error(cell, exec_reply)
  File "/opt/conda/envs/pysumma/lib/python3.7/site-packages/nbclient/client.py", line 740, in _check_raise_for_error
    raise CellExecutionError.from_cell_and_msg(cell, exec_reply['content'])
nbclient.exceptions.CellExecutionError: An error occurred while executing the following cell:
------------------
from pysumma import hydroshare_utils
import os

# Download SUMMA Model Instance from HydroShare
resource_id = '13d6b84a9553410297a67fa366a56cb2'
instance = hydroshare_utils.get_hs_resource(resource_id, os.getcwd())
------------------

[0;31m---------------------------------------------------------------------------[0m
[0;31mStdinNotImplementedError[0m                  Traceback (most recent call last)
[0;32m<ipython-input-1-25da1dd0dc7d>[0m in [0;36m<module>[0;34m[0m
[1;32m      4[0m [0;31m# Download SUMMA Model Instance from HydroShare[0m[0;34m[0m[0;34m[0m[0;34m[0m[0m
[1;32m      5[0m [0mresource_id[0m [0;34m=[0m [0;34m'13d6b84a9553410297a67fa366a56cb2'[0m[0;34m[0m[0;34m[0m[0m
[0;32m----> 6[0;31m [0minstance[0m [0;34m=[0m [0mhydroshare_utils[0m[0;34m.[0m[0mget_hs_resource[0m[0;34m([0m[0mresource_id[0m[0;34m,[0m [0mos[0m[0;34m.[0m[0mgetcwd[0m[0;34m([0m[0;34m)[0m[0;34m)[0m[0;34m[0m[0;34m[0m[0m
[0m
[0;32m/opt/conda/envs/pysumma/lib/python3.7/site-packages/pysumma/hydroshare_utils.py[0m in [0;36mget_hs_resource[0;34m(resource_id, file_path)[0m
[1;32m     21[0m [0;31m# download SUMMA TestCase from HydroShare[0m[0;34m[0m[0;34m[0m[0;34m[0m[0m
[1;32m     22[0m [0;32mdef[0m [0mget_hs_resource[0m[0;34m([0m[0mresource_id[0m[0;34m,[0m [0mfile_path[0m[0;34m)[0m[0;34m:[0m[0;34m[0m[0;34m[0m[0m
[0;32m---> 23[0;31m     [0mhs[0m [0;34m=[0m [0mHydroShare[0m[0;34m([0m[0;34m)[0m[0;34m[0m[0;34m[0m[0m
[0m[1;32m     24[0m     [0mhs[0m[0;34m.[0m[0mgetResource[0m[0;34m([0m[0mresource_id[0m[0;34m,[0m [0mdestination[0m[0;34m=[0m[0mfile_path[0m[0;34m,[0m [0munzip[0m[0;34m=[0m[0;32mTrue[0m[0;34m)[0m[0;34m[0m[0;34m[0m[0m
[1;32m     25[0m [0;34m[0m[0m

[0;32m/opt/conda/envs/pysumma/lib/python3.7/site-packages/hs_restclient/__init__.py[0m in [0;36m__init__[0;34m(self, hostname, port, use_https, verify, auth, prompt_auth)[0m
[1;32m     77[0m         [0;32melif[0m [0mprompt_auth[0m[0;34m:[0m[0;34m[0m[0;34m[0m[0m
[1;32m     78[0m             [0;32mimport[0m [0mgetpass[0m[0;34m[0m[0;34m[0m[0m
[0;32m---> 79[0;31m             [0musername[0m [0;34m=[0m [0minput[0m[0;34m([0m[0;34m"Username: "[0m[0;34m)[0m[0;34m.[0m[0mstrip[0m[0;34m([0m[0;34m)[0m[0;34m[0m[0;34m[0m[0m
[0m[1;32m     80[0m             [0mpassword[0m [0;34m=[0m [0mgetpass[0m[0;34m.[0m[0mgetpass[0m[0;34m([0m[0;34m"Password for {}: "[0m[0;34m.[0m[0mformat[0m[0;34m([0m[0musername[0m[0;34m)[0m[0;34m)[0m[0;34m[0m[0;34m[0m[0m
[1;32m     81[0m             [0mauth[0m [0;34m=[0m [0mHydroShareAuthBasic[0m[0;34m([0m[0musername[0m[0;34m=[0m[0musername[0m[0;34m,[0m [0mpassword[0m[0;34m=[0m[0mpassword[0m[0;34m)[0m[0;34m[0m[0;34m[0m[0m

[0;32m/opt/conda/envs/pysumma/lib/python3.7/site-packages/ipykernel/kernelbase.py[0m in [0;36mraw_input[0;34m(self, prompt)[0m
[1;32m    856[0m         [0;32mif[0m [0;32mnot[0m [0mself[0m[0;34m.[0m[0m_allow_stdin[0m[0;34m:[0m[0;34m[0m[0;34m[0m[0m
[1;32m    857[0m             raise StdinNotImplementedError(
[0;32m--> 858[0;31m                 [0;34m"raw_input was called, but this frontend does not support input requests."[0m[0;34m[0m[0;34m[0m[0m
[0m[1;32m    859[0m             )
[1;32m    860[0m         return self._input_request(str(prompt),

[0;31mStdinNotImplementedError[0m: raw_input was called, but this frontend does not support input requests.
StdinNotImplementedError: raw_input was called, but this frontend does not support input requests.

