Traceback (most recent call last):
  File "/opt/conda/envs/pysumma/lib/python3.7/site-packages/jupyter_cache/executors/utils.py", line 56, in single_nb_execution
    record_timing=False,
  File "/opt/conda/envs/pysumma/lib/python3.7/site-packages/nbclient/client.py", line 1087, in execute
    return NotebookClient(nb=nb, resources=resources, km=km, **kwargs).execute()
  File "/opt/conda/envs/pysumma/lib/python3.7/site-packages/nbclient/util.py", line 74, in wrapped
    return just_run(coro(*args, **kwargs))
  File "/opt/conda/envs/pysumma/lib/python3.7/site-packages/nbclient/util.py", line 53, in just_run
    return loop.run_until_complete(coro)
  File "/opt/conda/envs/pysumma/lib/python3.7/asyncio/base_events.py", line 587, in run_until_complete
    return future.result()
  File "/opt/conda/envs/pysumma/lib/python3.7/site-packages/nbclient/client.py", line 541, in async_execute
    cell, index, execution_count=self.code_cells_executed + 1
  File "/opt/conda/envs/pysumma/lib/python3.7/site-packages/nbclient/client.py", line 832, in async_execute_cell
    self._check_raise_for_error(cell, exec_reply)
  File "/opt/conda/envs/pysumma/lib/python3.7/site-packages/nbclient/client.py", line 740, in _check_raise_for_error
    raise CellExecutionError.from_cell_and_msg(cell, exec_reply['content'])
nbclient.exceptions.CellExecutionError: An error occurred while executing the following cell:
------------------
config = {
    'run0': {'decisions':{'stomResist': 'Jarvis',
                          'soilStress': 'NoahType'}},
    'run1': {'decisions':{'stomResist': 'BallBerry',
                          'soilStress': 'CLM_Type'}},
}

decision_ens = ps.Ensemble(summa_exe, config, file_manager, num_workers=2)
decision_ens.run('local')
print(decision_ens.summary())
------------------

[0;31m---------------------------------------------------------------------------[0m
[0;31mFileNotFoundError[0m                         Traceback (most recent call last)
[0;32m<ipython-input-2-0df3ec9e8218>[0m in [0;36m<module>[0;34m[0m
[1;32m      7[0m [0;34m[0m[0m
[1;32m      8[0m [0mdecision_ens[0m [0;34m=[0m [0mps[0m[0;34m.[0m[0mEnsemble[0m[0;34m([0m[0msumma_exe[0m[0;34m,[0m [0mconfig[0m[0;34m,[0m [0mfile_manager[0m[0;34m,[0m [0mnum_workers[0m[0;34m=[0m[0;36m2[0m[0;34m)[0m[0;34m[0m[0;34m[0m[0m
[0;32m----> 9[0;31m [0mdecision_ens[0m[0;34m.[0m[0mrun[0m[0;34m([0m[0;34m'local'[0m[0;34m)[0m[0;34m[0m[0;34m[0m[0m
[0m[1;32m     10[0m [0mprint[0m[0;34m([0m[0mdecision_ens[0m[0;34m.[0m[0msummary[0m[0;34m([0m[0;34m)[0m[0;34m)[0m[0;34m[0m[0;34m[0m[0m

[0;32m/opt/conda/envs/pysumma/lib/python3.7/site-packages/pysumma/ensemble.py[0m in [0;36mrun[0;34m(self, run_option, prerun_cmds, monitor)[0m
[1;32m    171[0m         [0mself[0m[0;34m.[0m[0mstart[0m[0;34m([0m[0mrun_option[0m[0;34m,[0m [0mprerun_cmds[0m[0;34m)[0m[0;34m[0m[0;34m[0m[0m
[1;32m    172[0m         [0;32mif[0m [0mmonitor[0m[0;34m:[0m[0;34m[0m[0;34m[0m[0m
[0;32m--> 173[0;31m             [0;32mreturn[0m [0mself[0m[0;34m.[0m[0mmonitor[0m[0;34m([0m[0;34m)[0m[0;34m[0m[0;34m[0m[0m
[0m[1;32m    174[0m         [0;32melse[0m[0;34m:[0m[0;34m[0m[0;34m[0m[0m
[1;32m    175[0m             [0;32mreturn[0m [0;32mTrue[0m[0;34m[0m[0;34m[0m[0m

[0;32m/opt/conda/envs/pysumma/lib/python3.7/site-packages/pysumma/ensemble.py[0m in [0;36mmonitor[0;34m(self)[0m
[1;32m    193[0m         [0mHalt[0m [0mcomputation[0m [0muntil[0m [0msubmitted[0m [0msimulations[0m [0mare[0m [0mcomplete[0m[0;34m[0m[0;34m[0m[0m
[1;32m    194[0m         """
[0;32m--> 195[0;31m         [0msimulations[0m [0;34m=[0m [0mself[0m[0;34m.[0m[0m_client[0m[0;34m.[0m[0mgather[0m[0;34m([0m[0mself[0m[0;34m.[0m[0msubmissions[0m[0;34m)[0m[0;34m[0m[0;34m[0m[0m
[0m[1;32m    196[0m         [0;32mfor[0m [0ms[0m [0;32min[0m [0msimulations[0m[0;34m:[0m[0;34m[0m[0;34m[0m[0m
[1;32m    197[0m             [0mself[0m[0;34m.[0m[0msimulations[0m[0;34m[[0m[0ms[0m[0;34m.[0m[0mrun_suffix[0m[0;34m][0m [0;34m=[0m [0ms[0m[0;34m[0m[0;34m[0m[0m

[0;32m/opt/conda/envs/pysumma/lib/python3.7/site-packages/distributed/client.py[0m in [0;36mgather[0;34m(self, futures, errors, direct, asynchronous)[0m
[1;32m   1990[0m                 [0mdirect[0m[0;34m=[0m[0mdirect[0m[0;34m,[0m[0;34m[0m[0;34m[0m[0m
[1;32m   1991[0m                 [0mlocal_worker[0m[0;34m=[0m[0mlocal_worker[0m[0;34m,[0m[0;34m[0m[0;34m[0m[0m
[0;32m-> 1992[0;31m                 [0masynchronous[0m[0;34m=[0m[0masynchronous[0m[0;34m,[0m[0;34m[0m[0;34m[0m[0m
[0m[1;32m   1993[0m             )
[1;32m   1994[0m [0;34m[0m[0m

[0;32m/opt/conda/envs/pysumma/lib/python3.7/site-packages/distributed/client.py[0m in [0;36msync[0;34m(self, func, asynchronous, callback_timeout, *args, **kwargs)[0m
[1;32m    831[0m         [0;32melse[0m[0;34m:[0m[0;34m[0m[0;34m[0m[0m
[1;32m    832[0m             return sync(
[0;32m--> 833[0;31m                 [0mself[0m[0;34m.[0m[0mloop[0m[0;34m,[0m [0mfunc[0m[0;34m,[0m [0;34m*[0m[0margs[0m[0;34m,[0m [0mcallback_timeout[0m[0;34m=[0m[0mcallback_timeout[0m[0;34m,[0m [0;34m**[0m[0mkwargs[0m[0;34m[0m[0;34m[0m[0m
[0m[1;32m    834[0m             )
[1;32m    835[0m [0;34m[0m[0m

[0;32m/opt/conda/envs/pysumma/lib/python3.7/site-packages/distributed/utils.py[0m in [0;36msync[0;34m(loop, func, callback_timeout, *args, **kwargs)[0m
[1;32m    338[0m     [0;32mif[0m [0merror[0m[0;34m[[0m[0;36m0[0m[0;34m][0m[0;34m:[0m[0;34m[0m[0;34m[0m[0m
[1;32m    339[0m         [0mtyp[0m[0;34m,[0m [0mexc[0m[0;34m,[0m [0mtb[0m [0;34m=[0m [0merror[0m[0;34m[[0m[0;36m0[0m[0;34m][0m[0;34m[0m[0;34m[0m[0m
[0;32m--> 340[0;31m         [0;32mraise[0m [0mexc[0m[0;34m.[0m[0mwith_traceback[0m[0;34m([0m[0mtb[0m[0;34m)[0m[0;34m[0m[0;34m[0m[0m
[0m[1;32m    341[0m     [0;32melse[0m[0;34m:[0m[0;34m[0m[0;34m[0m[0m
[1;32m    342[0m         [0;32mreturn[0m [0mresult[0m[0;34m[[0m[0;36m0[0m[0;34m][0m[0;34m[0m[0;34m[0m[0m

[0;32m/opt/conda/envs/pysumma/lib/python3.7/site-packages/distributed/utils.py[0m in [0;36mf[0;34m()[0m
[1;32m    322[0m             [0;32mif[0m [0mcallback_timeout[0m [0;32mis[0m [0;32mnot[0m [0;32mNone[0m[0;34m:[0m[0;34m[0m[0;34m[0m[0m
[1;32m    323[0m                 [0mfuture[0m [0;34m=[0m [0masyncio[0m[0;34m.[0m[0mwait_for[0m[0;34m([0m[0mfuture[0m[0;34m,[0m [0mcallback_timeout[0m[0;34m)[0m[0;34m[0m[0;34m[0m[0m
[0;32m--> 324[0;31m             [0mresult[0m[0;34m[[0m[0;36m0[0m[0;34m][0m [0;34m=[0m [0;32myield[0m [0mfuture[0m[0;34m[0m[0;34m[0m[0m
[0m[1;32m    325[0m         [0;32mexcept[0m [0mException[0m [0;32mas[0m [0mexc[0m[0;34m:[0m[0;34m[0m[0;34m[0m[0m
[1;32m    326[0m             [0merror[0m[0;34m[[0m[0;36m0[0m[0;34m][0m [0;34m=[0m [0msys[0m[0;34m.[0m[0mexc_info[0m[0;34m([0m[0;34m)[0m[0;34m[0m[0;34m[0m[0m

[0;32m/opt/conda/envs/pysumma/lib/python3.7/site-packages/tornado/gen.py[0m in [0;36mrun[0;34m(self)[0m
[1;32m    760[0m [0;34m[0m[0m
[1;32m    761[0m                     [0;32mtry[0m[0;34m:[0m[0;34m[0m[0;34m[0m[0m
[0;32m--> 762[0;31m                         [0mvalue[0m [0;34m=[0m [0mfuture[0m[0;34m.[0m[0mresult[0m[0;34m([0m[0;34m)[0m[0;34m[0m[0;34m[0m[0m
[0m[1;32m    763[0m                     [0;32mexcept[0m [0mException[0m[0;34m:[0m[0;34m[0m[0;34m[0m[0m
[1;32m    764[0m                         [0mexc_info[0m [0;34m=[0m [0msys[0m[0;34m.[0m[0mexc_info[0m[0;34m([0m[0;34m)[0m[0;34m[0m[0;34m[0m[0m

[0;32m/opt/conda/envs/pysumma/lib/python3.7/site-packages/distributed/client.py[0m in [0;36m_gather[0;34m(self, futures, errors, direct, local_worker)[0m
[1;32m   1849[0m                             [0mexc[0m [0;34m=[0m [0mCancelledError[0m[0;34m([0m[0mkey[0m[0;34m)[0m[0;34m[0m[0;34m[0m[0m
[1;32m   1850[0m                         [0;32melse[0m[0;34m:[0m[0;34m[0m[0;34m[0m[0m
[0;32m-> 1851[0;31m                             [0;32mraise[0m [0mexception[0m[0;34m.[0m[0mwith_traceback[0m[0;34m([0m[0mtraceback[0m[0;34m)[0m[0;34m[0m[0;34m[0m[0m
[0m[1;32m   1852[0m                         [0;32mraise[0m [0mexc[0m[0;34m[0m[0;34m[0m[0m
[1;32m   1853[0m                     [0;32mif[0m [0merrors[0m [0;34m==[0m [0;34m"skip"[0m[0;34m:[0m[0;34m[0m[0;34m[0m[0m

[0;32m/opt/conda/envs/pysumma/lib/python3.7/site-packages/pysumma/ensemble.py[0m in [0;36m_submit[0;34m()[0m
[1;32m    240[0m [0;34m[0m[0m
[1;32m    241[0m [0;32mdef[0m [0m_submit[0m[0;34m([0m[0ms[0m[0;34m:[0m [0mSimulation[0m[0;34m,[0m [0mname[0m[0;34m:[0m [0mstr[0m[0;34m,[0m [0mrun_option[0m[0;34m:[0m [0mstr[0m[0;34m,[0m [0mprerun_cmds[0m[0;34m,[0m [0mconfig[0m[0;34m)[0m[0;34m:[0m[0;34m[0m[0;34m[0m[0m
[0;32m--> 242[0;31m     [0ms[0m[0;34m.[0m[0minitialize[0m[0;34m([0m[0;34m)[0m[0;34m[0m[0;34m[0m[0m
[0m[1;32m    243[0m     [0ms[0m[0;34m.[0m[0mapply_config[0m[0;34m([0m[0mconfig[0m[0;34m)[0m[0;34m[0m[0;34m[0m[0m
[1;32m    244[0m     [0ms[0m[0;34m.[0m[0mrun[0m[0;34m([0m[0mrun_option[0m[0;34m,[0m [0mrun_suffix[0m[0;34m=[0m[0mname[0m[0;34m,[0m [0mprerun_cmds[0m[0;34m=[0m[0mprerun_cmds[0m[0;34m,[0m [0mfreq_restart[0m[0;34m=[0m[0;34m'e'[0m[0;34m)[0m[0;34m[0m[0;34m[0m[0m

[0;32m/opt/conda/envs/pysumma/lib/python3.7/site-packages/pysumma/simulation.py[0m in [0;36minitialize[0;34m()[0m
[1;32m     74[0m         """
[1;32m     75[0m         self.manager = FileManager(
[0;32m---> 76[0;31m             self.manager_path.parent, self.manager_path.name)
[0m[1;32m     77[0m         [0mself[0m[0;34m.[0m[0mstatus[0m [0;34m=[0m [0;34m'Initialized'[0m[0;34m[0m[0;34m[0m[0m
[1;32m     78[0m         [0mself[0m[0;34m.[0m[0mdecisions[0m [0;34m=[0m [0mself[0m[0;34m.[0m[0mmanager[0m[0;34m.[0m[0mdecisions[0m[0;34m[0m[0;34m[0m[0m

[0;32m/opt/conda/envs/pysumma/lib/python3.7/site-packages/pysumma/file_manager.py[0m in [0;36m__init__[0;34m()[0m
[1;32m     42[0m [0;34m[0m[0m
[1;32m     43[0m     [0;32mdef[0m [0m__init__[0m[0;34m([0m[0mself[0m[0;34m,[0m [0mpath[0m[0;34m,[0m [0mname[0m[0;34m=[0m[0;32mNone[0m[0;34m)[0m[0;34m:[0m[0;34m[0m[0;34m[0m[0m
[0;32m---> 44[0;31m         [0msuper[0m[0;34m([0m[0;34m)[0m[0;34m.[0m[0m__init__[0m[0;34m([0m[0mFileManagerOption[0m[0;34m,[0m [0mpath[0m[0;34m,[0m [0mname[0m[0;34m)[0m[0;34m[0m[0;34m[0m[0m
[0m[1;32m     45[0m         [0;32massert[0m [0mself[0m[0;34m.[0m[0mget_value[0m[0;34m([0m[0;34m'controlVersion'[0m[0;34m)[0m [0;34m==[0m [0;34m'SUMMA_FILE_MANAGER_V3.0.0'[0m[0;34m[0m[0;34m[0m[0m
[1;32m     46[0m [0;34m[0m[0m

[0;32m/opt/conda/envs/pysumma/lib/python3.7/site-packages/pysumma/option.py[0m in [0;36m__init__[0;34m()[0m
[1;32m    122[0m         [0mself[0m[0;34m.[0m[0mheader[0m [0;34m=[0m [0;34m[[0m[0;34m][0m[0;34m[0m[0;34m[0m[0m
[1;32m    123[0m         [0mself[0m[0;34m.[0m[0moptions[0m [0;34m=[0m [0;34m[[0m[0;34m][0m[0;34m[0m[0;34m[0m[0m
[0;32m--> 124[0;31m         [0mself[0m[0;34m.[0m[0mread[0m[0;34m([0m[0mos[0m[0;34m.[0m[0mpath[0m[0;34m.[0m[0mabspath[0m[0;34m([0m[0mself[0m[0;34m.[0m[0moriginal_path[0m [0;34m/[0m [0mself[0m[0;34m.[0m[0mfile_name[0m[0;34m)[0m[0;34m)[0m[0;34m[0m[0;34m[0m[0m
[0m[1;32m    125[0m [0;34m[0m[0m
[1;32m    126[0m     [0;32mdef[0m [0mset_option[0m[0;34m([0m[0mself[0m[0;34m)[0m[0;34m:[0m[0;34m[0m[0;34m[0m[0m

[0;32m/opt/conda/envs/pysumma/lib/python3.7/site-packages/pysumma/option.py[0m in [0;36mread[0;34m()[0m
[1;32m    144[0m     [0;32mdef[0m [0mread[0m[0;34m([0m[0mself[0m[0;34m,[0m [0mpath[0m[0;34m)[0m[0;34m:[0m[0;34m[0m[0;34m[0m[0m
[1;32m    145[0m         [0;34m"""Read the configuration and populate the options"""[0m[0;34m[0m[0;34m[0m[0m
[0;32m--> 146[0;31m         [0;32mwith[0m [0mopen[0m[0;34m([0m[0mpath[0m[0;34m,[0m [0;34m'r'[0m[0;34m)[0m [0;32mas[0m [0mf[0m[0;34m:[0m[0;34m[0m[0;34m[0m[0m
[0m[1;32m    147[0m             [0mself[0m[0;34m.[0m[0moriginal_contents[0m [0;34m=[0m [0mf[0m[0;34m.[0m[0mreadlines[0m[0;34m([0m[0;34m)[0m[0;34m[0m[0;34m[0m[0m
[1;32m    148[0m         [0;32mfor[0m [0mline[0m [0;32min[0m [0mself[0m[0;34m.[0m[0moriginal_contents[0m[0;34m:[0m[0;34m[0m[0;34m[0m[0m

[0;31mFileNotFoundError[0m: [Errno 2] No such file or directory: '/home/jovyan/work/Jupyter_Book/pySUMMA_Jupyter_Book/pysumma_tutorial_jupyterbook/docs/data/coldeport/file_manager.txt'
FileNotFoundError: [Errno 2] No such file or directory: '/home/jovyan/work/Jupyter_Book/pySUMMA_Jupyter_Book/pysumma_tutorial_jupyterbook/docs/data/coldeport/file_manager.txt'

