Traceback (most recent call last):
  File "/opt/conda/envs/pysumma/lib/python3.7/site-packages/jupyter_cache/executors/utils.py", line 56, in single_nb_execution
    record_timing=False,
  File "/opt/conda/envs/pysumma/lib/python3.7/site-packages/nbclient/client.py", line 1087, in execute
    return NotebookClient(nb=nb, resources=resources, km=km, **kwargs).execute()
  File "/opt/conda/envs/pysumma/lib/python3.7/site-packages/nbclient/util.py", line 74, in wrapped
    return just_run(coro(*args, **kwargs))
  File "/opt/conda/envs/pysumma/lib/python3.7/site-packages/nbclient/util.py", line 53, in just_run
    return loop.run_until_complete(coro)
  File "/opt/conda/envs/pysumma/lib/python3.7/asyncio/base_events.py", line 587, in run_until_complete
    return future.result()
  File "/opt/conda/envs/pysumma/lib/python3.7/site-packages/nbclient/client.py", line 541, in async_execute
    cell, index, execution_count=self.code_cells_executed + 1
  File "/opt/conda/envs/pysumma/lib/python3.7/site-packages/nbclient/client.py", line 832, in async_execute_cell
    self._check_raise_for_error(cell, exec_reply)
  File "/opt/conda/envs/pysumma/lib/python3.7/site-packages/nbclient/client.py", line 740, in _check_raise_for_error
    raise CellExecutionError.from_cell_and_msg(cell, exec_reply['content'])
nbclient.exceptions.CellExecutionError: An error occurred while executing the following cell:
------------------
executable = "/usr/bin/summa.exe"
file_manager = 'SummaModel_ReynoldsAspenStand_StomatalResistance/settings/summa_fileManager_riparianAspenSimpleResistance.txt'

s = ps.Simulation(executable, file_manager)
------------------

[0;31m---------------------------------------------------------------------------[0m
[0;31mFileNotFoundError[0m                         Traceback (most recent call last)
[0;32m<ipython-input-2-61930731a931>[0m in [0;36m<module>[0;34m[0m
[1;32m      2[0m [0mfile_manager[0m [0;34m=[0m [0;34m'SummaModel_ReynoldsAspenStand_StomatalResistance/settings/summa_fileManager_riparianAspenSimpleResistance.txt'[0m[0;34m[0m[0;34m[0m[0m
[1;32m      3[0m [0;34m[0m[0m
[0;32m----> 4[0;31m [0ms[0m [0;34m=[0m [0mps[0m[0;34m.[0m[0mSimulation[0m[0;34m([0m[0mexecutable[0m[0;34m,[0m [0mfile_manager[0m[0;34m)[0m[0;34m[0m[0;34m[0m[0m
[0m
[0;32m/opt/conda/envs/pysumma/lib/python3.7/site-packages/pysumma/simulation.py[0m in [0;36m__init__[0;34m(self, executable, filemanager, initialize, config_dir)[0m
[1;32m     63[0m         [0mself[0m[0;34m.[0m[0mstatus[0m [0;34m=[0m [0;34m'Uninitialized'[0m[0;34m[0m[0;34m[0m[0m
[1;32m     64[0m         [0;32mif[0m [0minitialize[0m[0;34m:[0m[0;34m[0m[0;34m[0m[0m
[0;32m---> 65[0;31m             [0mself[0m[0;34m.[0m[0minitialize[0m[0;34m([0m[0;34m)[0m[0;34m[0m[0;34m[0m[0m
[0m[1;32m     66[0m [0;34m[0m[0m
[1;32m     67[0m     [0;32mdef[0m [0minitialize[0m[0;34m([0m[0mself[0m[0;34m)[0m[0;34m:[0m[0;34m[0m[0;34m[0m[0m

[0;32m/opt/conda/envs/pysumma/lib/python3.7/site-packages/pysumma/simulation.py[0m in [0;36minitialize[0;34m(self)[0m
[1;32m     74[0m         """
[1;32m     75[0m         self.manager = FileManager(
[0;32m---> 76[0;31m             self.manager_path.parent, self.manager_path.name)
[0m[1;32m     77[0m         [0mself[0m[0;34m.[0m[0mstatus[0m [0;34m=[0m [0;34m'Initialized'[0m[0;34m[0m[0;34m[0m[0m
[1;32m     78[0m         [0mself[0m[0;34m.[0m[0mdecisions[0m [0;34m=[0m [0mself[0m[0;34m.[0m[0mmanager[0m[0;34m.[0m[0mdecisions[0m[0;34m[0m[0;34m[0m[0m

[0;32m/opt/conda/envs/pysumma/lib/python3.7/site-packages/pysumma/file_manager.py[0m in [0;36m__init__[0;34m(self, path, name)[0m
[1;32m     42[0m [0;34m[0m[0m
[1;32m     43[0m     [0;32mdef[0m [0m__init__[0m[0;34m([0m[0mself[0m[0;34m,[0m [0mpath[0m[0;34m,[0m [0mname[0m[0;34m=[0m[0;32mNone[0m[0;34m)[0m[0;34m:[0m[0;34m[0m[0;34m[0m[0m
[0;32m---> 44[0;31m         [0msuper[0m[0;34m([0m[0;34m)[0m[0;34m.[0m[0m__init__[0m[0;34m([0m[0mFileManagerOption[0m[0;34m,[0m [0mpath[0m[0;34m,[0m [0mname[0m[0;34m)[0m[0;34m[0m[0;34m[0m[0m
[0m[1;32m     45[0m         [0;32massert[0m [0mself[0m[0;34m.[0m[0mget_value[0m[0;34m([0m[0;34m'controlVersion'[0m[0;34m)[0m [0;34m==[0m [0;34m'SUMMA_FILE_MANAGER_V3.0.0'[0m[0;34m[0m[0;34m[0m[0m
[1;32m     46[0m [0;34m[0m[0m

[0;32m/opt/conda/envs/pysumma/lib/python3.7/site-packages/pysumma/option.py[0m in [0;36m__init__[0;34m(self, optiontype, dir, name)[0m
[1;32m    122[0m         [0mself[0m[0;34m.[0m[0mheader[0m [0;34m=[0m [0;34m[[0m[0;34m][0m[0;34m[0m[0;34m[0m[0m
[1;32m    123[0m         [0mself[0m[0;34m.[0m[0moptions[0m [0;34m=[0m [0;34m[[0m[0;34m][0m[0;34m[0m[0;34m[0m[0m
[0;32m--> 124[0;31m         [0mself[0m[0;34m.[0m[0mread[0m[0;34m([0m[0mos[0m[0;34m.[0m[0mpath[0m[0;34m.[0m[0mabspath[0m[0;34m([0m[0mself[0m[0;34m.[0m[0moriginal_path[0m [0;34m/[0m [0mself[0m[0;34m.[0m[0mfile_name[0m[0;34m)[0m[0;34m)[0m[0;34m[0m[0;34m[0m[0m
[0m[1;32m    125[0m [0;34m[0m[0m
[1;32m    126[0m     [0;32mdef[0m [0mset_option[0m[0;34m([0m[0mself[0m[0;34m)[0m[0;34m:[0m[0;34m[0m[0;34m[0m[0m

[0;32m/opt/conda/envs/pysumma/lib/python3.7/site-packages/pysumma/option.py[0m in [0;36mread[0;34m(self, path)[0m
[1;32m    144[0m     [0;32mdef[0m [0mread[0m[0;34m([0m[0mself[0m[0;34m,[0m [0mpath[0m[0;34m)[0m[0;34m:[0m[0;34m[0m[0;34m[0m[0m
[1;32m    145[0m         [0;34m"""Read the configuration and populate the options"""[0m[0;34m[0m[0;34m[0m[0m
[0;32m--> 146[0;31m         [0;32mwith[0m [0mopen[0m[0;34m([0m[0mpath[0m[0;34m,[0m [0;34m'r'[0m[0;34m)[0m [0;32mas[0m [0mf[0m[0;34m:[0m[0;34m[0m[0;34m[0m[0m
[0m[1;32m    147[0m             [0mself[0m[0;34m.[0m[0moriginal_contents[0m [0;34m=[0m [0mf[0m[0;34m.[0m[0mreadlines[0m[0;34m([0m[0;34m)[0m[0;34m[0m[0;34m[0m[0m
[1;32m    148[0m         [0;32mfor[0m [0mline[0m [0;32min[0m [0mself[0m[0;34m.[0m[0moriginal_contents[0m[0;34m:[0m[0;34m[0m[0;34m[0m[0m

[0;31mFileNotFoundError[0m: [Errno 2] No such file or directory: '/home/jovyan/work/Jupyter_Book/pySUMMA_Jupyter_Book/pysumma_tutorial_jupyterbook/docs/SummaModel_ReynoldsAspenStand_StomatalResistance/settings/summa_fileManager_riparianAspenSimpleResistance.txt'
FileNotFoundError: [Errno 2] No such file or directory: '/home/jovyan/work/Jupyter_Book/pySUMMA_Jupyter_Book/pysumma_tutorial_jupyterbook/docs/SummaModel_ReynoldsAspenStand_StomatalResistance/settings/summa_fileManager_riparianAspenSimpleResistance.txt'

