Traceback (most recent call last):
  File "/opt/conda/envs/pysumma/lib/python3.7/site-packages/jupyter_cache/executors/utils.py", line 56, in single_nb_execution
    record_timing=False,
  File "/opt/conda/envs/pysumma/lib/python3.7/site-packages/nbclient/client.py", line 1087, in execute
    return NotebookClient(nb=nb, resources=resources, km=km, **kwargs).execute()
  File "/opt/conda/envs/pysumma/lib/python3.7/site-packages/nbclient/util.py", line 74, in wrapped
    return just_run(coro(*args, **kwargs))
  File "/opt/conda/envs/pysumma/lib/python3.7/site-packages/nbclient/util.py", line 53, in just_run
    return loop.run_until_complete(coro)
  File "/opt/conda/envs/pysumma/lib/python3.7/asyncio/base_events.py", line 587, in run_until_complete
    return future.result()
  File "/opt/conda/envs/pysumma/lib/python3.7/site-packages/nbclient/client.py", line 541, in async_execute
    cell, index, execution_count=self.code_cells_executed + 1
  File "/opt/conda/envs/pysumma/lib/python3.7/site-packages/nbclient/client.py", line 832, in async_execute_cell
    self._check_raise_for_error(cell, exec_reply)
  File "/opt/conda/envs/pysumma/lib/python3.7/site-packages/nbclient/client.py", line 740, in _check_raise_for_error
    raise CellExecutionError.from_cell_and_msg(cell, exec_reply['content'])
nbclient.exceptions.CellExecutionError: An error occurred while executing the following cell:
------------------
results_sim_rootDistExp = xr.open_dataset(results_simpleResistance_ncfile[0])
results_ball_rootDistExp = xr.open_dataset(results_BallBerry_ncfile[0])
results_jar_rootDistExp = xr.open_dataset(results_Jarvis_ncfile[0])
simResist_rootDistExp = calc_total_et(results_sim_rootDistExp)
BallBerry_rootDistExp = calc_total_et(results_ball_rootDistExp)
Jarvis_rootDistExp = calc_total_et(results_jar_rootDistExp)
------------------

[0;31m---------------------------------------------------------------------------[0m
[0;31mIndexError[0m                                Traceback (most recent call last)
[0;32m<ipython-input-23-ad07de0b8ce1>[0m in [0;36m<module>[0;34m[0m
[0;32m----> 1[0;31m [0mresults_sim_rootDistExp[0m [0;34m=[0m [0mxr[0m[0;34m.[0m[0mopen_dataset[0m[0;34m([0m[0mresults_simpleResistance_ncfile[0m[0;34m[[0m[0;36m0[0m[0;34m][0m[0;34m)[0m[0;34m[0m[0;34m[0m[0m
[0m[1;32m      2[0m [0mresults_ball_rootDistExp[0m [0;34m=[0m [0mxr[0m[0;34m.[0m[0mopen_dataset[0m[0;34m([0m[0mresults_BallBerry_ncfile[0m[0;34m[[0m[0;36m0[0m[0;34m][0m[0;34m)[0m[0;34m[0m[0;34m[0m[0m
[1;32m      3[0m [0mresults_jar_rootDistExp[0m [0;34m=[0m [0mxr[0m[0;34m.[0m[0mopen_dataset[0m[0;34m([0m[0mresults_Jarvis_ncfile[0m[0;34m[[0m[0;36m0[0m[0;34m][0m[0;34m)[0m[0;34m[0m[0;34m[0m[0m
[1;32m      4[0m [0msimResist_rootDistExp[0m [0;34m=[0m [0mcalc_total_et[0m[0;34m([0m[0mresults_sim_rootDistExp[0m[0;34m)[0m[0;34m[0m[0;34m[0m[0m
[1;32m      5[0m [0mBallBerry_rootDistExp[0m [0;34m=[0m [0mcalc_total_et[0m[0;34m([0m[0mresults_ball_rootDistExp[0m[0;34m)[0m[0;34m[0m[0;34m[0m[0m

[0;31mIndexError[0m: list index out of range
IndexError: list index out of range

